<?xml version="1.0" encoding="UTF-8"?>
<!-- Generated by org.testng.reporters.JUnitReportReporter -->
<testsuite hostname="Apples-MacBook-Air.local" failures="0" tests="1" name="com.sevenrmartsupermarket.tests.AddOfferTest" time="23.829" errors="0" timestamp="2024-01-01T06:55:30 IST" skipped="0">
  <testcase classname="com.sevenrmartsupermarket.tests.AddOfferTest" name="navigateTo_AddOfferCodeOption" time="23.829"/>
  <system-out/>
</testsuite> <!-- com.sevenrmartsupermarket.tests.AddOfferTest -->
