<?xml version="1.0" encoding="UTF-8"?>
<!-- Generated by org.testng.reporters.JUnitReportReporter -->
<testsuite hostname="Apples-MacBook-Air.local" failures="0" tests="2" name="com.sevenrmartsupermarket.tests.LoginTest" time="29.329" errors="0" timestamp="2024-01-01T07:56:56 IST" skipped="0">
  <testcase classname="com.sevenrmartsupermarket.tests.LoginTest" name="verify_login" time="18.319"/>
  <system-out/>
  <testcase classname="com.sevenrmartsupermarket.tests.LoginTest" name="verify_invalid_login_errormessage" time="11.010"/>
  <system-out/>
</testsuite> <!-- com.sevenrmartsupermarket.tests.LoginTest -->
