<?xml version="1.0" encoding="UTF-8"?>
<!-- Generated by org.testng.reporters.JUnitReportReporter -->
<testsuite hostname="Apples-MacBook-Air.local" failures="0" tests="1" name="com.sevenrmartsupermarket.tests.PushNotifictionTests" time="18.654" errors="0" timestamp="2023-12-27T22:05:14 IST" skipped="0">
  <testcase classname="com.sevenrmartsupermarket.tests.PushNotifictionTests" name="verify_AlertMessage" time="18.654"/>
  <system-out/>
</testsuite> <!-- com.sevenrmartsupermarket.tests.PushNotifictionTests -->
